---------------------------------------
Resource Usage Report for UART_RX_7Seg_top 

Mapping to part: ice40hx1kvq100
Cell usage:
GND             3 uses
SB_CARRY        7 uses
SB_DFF          14 uses
SB_DFFSR        8 uses
VCC             3 uses
SB_LUT4         62 uses

I/O ports: 16
I/O primitives: 16
SB_GB_IO       1 use
SB_IO          15 uses

I/O Register bits:                  0
Register bits not including I/Os:   22 (1%)

@S |Mapping Summary:
Total  LUTs: 62 (4%)

Distribution of All Consumed LUTs = LUT4 
Distribution of All Consumed Luts 62 = 62 

